<?xml version="1.0" encoding="UTF-8"?>
<!-- Generated by org.testng.reporters.JUnitReportReporter -->
<testsuite skipped="0" hostname="DESKTOP-U8EHGOG" name="flipkart.testcases.TC_01_VerifyTitle" tests="1" failures="0" timestamp="22 Dec 2018 04:36:14 GMT" time="4.446" errors="0">
  <testcase name="verifyTitle" time="4.446" classname="flipkart.testcases.TC_01_VerifyTitle"/>
</testsuite> <!-- flipkart.testcases.TC_01_VerifyTitle -->
